{
  "RSpec": {
    "coverage": {
      "/Users/joseph/beer/beer/app/models/beer.rb": [
        1,
        1,
        null,
        1,
        null,
        1,
        null,
        null,
        null,
        1,
        1,
        1,
        null,
        1,
        1,
        1,
        1,
        1,
        null,
        1,
        1,
        1,
        null,
        1,
        null,
        4,
        null,
        null,
        1,
        0,
        null,
        null,
        1,
        1,
        344,
        340,
        4,
        336,
        null,
        null,
        null,
        null,
        null
      ],
      "/Users/joseph/beer/beer/app/validators/abv_validator.rb": [
        1,
        1,
        176,
        176,
        4,
        null,
        null,
        null
      ],
      "/Users/joseph/beer/beer/app/validators/nonnegative_validator.rb": [
        1,
        1,
        3032,
        26,
        null,
        null,
        null
      ],
      "/Users/joseph/beer/beer/app/validators/max_int_validator.rb": [
        1,
        null,
        1,
        null,
        1,
        1788,
        16,
        null,
        null,
        null,
        null
      ],
      "/Users/joseph/beer/beer/app/models/brewery.rb": [
        1,
        1,
        1,
        null,
        1,
        null,
        null,
        null,
        null,
        null,
        null,
        1,
        null,
        null,
        null,
        1,
        null,
        1,
        1,
        1,
        1,
        null,
        1,
        1,
        1,
        null,
        1,
        1,
        1,
        null,
        1,
        null,
        0,
        null,
        null,
        1,
        0,
        null,
        null,
        1,
        0,
        null,
        null,
        1,
        1,
        492,
        488,
        4,
        484,
        null,
        null,
        null,
        null,
        null
      ],
      "/Users/joseph/beer/beer/app/models/event.rb": [
        1,
        1,
        1,
        null,
        1,
        null,
        null,
        null,
        null,
        null,
        null,
        1,
        null,
        null,
        null,
        1,
        null,
        1,
        1,
        1,
        1,
        1,
        1,
        1,
        null,
        1,
        1,
        1,
        null,
        1,
        1,
        1,
        null,
        1,
        null,
        0,
        null,
        null,
        1,
        0,
        null,
        null,
        1,
        0,
        null,
        null,
        1,
        0,
        null,
        null,
        1,
        1,
        180,
        176,
        4,
        172,
        null,
        null,
        null,
        null,
        1,
        94,
        null,
        null,
        1,
        1,
        null
      ],
      "/Users/joseph/beer/beer/app/validators/phone_validator.rb": [
        1,
        1,
        262,
        2,
        null,
        null,
        null
      ],
      "/Users/joseph/beer/beer/app/validators/url_validator.rb": [
        1,
        1,
        null,
        30,
        6,
        null,
        null,
        null
      ],
      "/Users/joseph/beer/beer/app/models/special.rb": [
        1,
        1,
        1,
        1,
        null,
        1,
        null,
        1,
        null,
        1,
        null,
        0,
        null,
        null,
        1,
        1,
        80,
        76,
        4,
        72,
        null,
        null,
        null,
        null,
        1,
        38,
        38,
        38,
        38,
        38,
        38,
        38,
        38,
        38,
        38,
        null,
        null,
        null
      ],
      "/Users/joseph/beer/beer/app/models/tap.rb": [
        1,
        1,
        null,
        1,
        1,
        null,
        1,
        1,
        1,
        null,
        1,
        null,
        0,
        null,
        null,
        1,
        62,
        62,
        62,
        null,
        null
      ],
      "/Users/joseph/beer/beer/app/models/user.rb": [
        1,
        null,
        null,
        1,
        null,
        1,
        1,
        null,
        1,
        1,
        null,
        1,
        1,
        null,
        1,
        478,
        null,
        null,
        1,
        248,
        null,
        null
      ],
      "/Users/joseph/beer/beer/app/models/venue.rb": [
        1,
        1,
        null,
        1,
        null,
        null,
        null,
        null,
        null,
        null,
        1,
        null,
        null,
        null,
        1,
        1,
        1,
        1,
        null,
        1,
        1,
        1,
        1,
        1,
        1,
        1,
        1,
        null,
        1,
        1,
        1,
        null,
        1,
        1,
        1,
        null,
        1,
        null,
        2,
        null,
        null,
        1,
        0,
        null,
        null,
        1,
        0,
        null,
        null,
        1,
        null,
        1,
        1,
        504,
        500,
        4,
        496,
        null,
        null,
        null,
        null,
        1,
        256,
        null,
        null,
        1,
        1,
        null
      ],
      "/Users/joseph/beer/beer/app/helpers/application_helper.rb": [
        1,
        null,
        1,
        0,
        0,
        0,
        null,
        null,
        null,
        null,
        null,
        0,
        null,
        null,
        null
      ],
      "/Users/joseph/beer/beer/app/helpers/beers_helper.rb": [
        1,
        null
      ],
      "/Users/joseph/beer/beer/app/helpers/breweries_helper.rb": [
        1,
        null
      ],
      "/Users/joseph/beer/beer/app/helpers/events_helper.rb": [
        1,
        null
      ],
      "/Users/joseph/beer/beer/app/helpers/news_helper.rb": [
        1,
        null
      ],
      "/Users/joseph/beer/beer/app/helpers/specials_helper.rb": [
        1,
        null
      ],
      "/Users/joseph/beer/beer/app/helpers/taps_helper.rb": [
        1,
        null
      ],
      "/Users/joseph/beer/beer/app/helpers/venues_helper.rb": [
        1,
        null
      ],
      "/Users/joseph/beer/beer/app/controllers/beers_controller.rb": [
        1,
        1,
        1,
        1,
        null,
        null,
        null,
        1,
        null,
        null,
        14,
        14,
        0,
        0,
        null,
        14,
        14,
        4,
        null,
        null,
        14,
        0,
        null,
        14,
        null,
        null,
        null,
        null,
        null,
        1,
        4,
        4,
        4,
        0,
        0,
        null,
        null,
        4,
        null,
        null,
        null,
        1,
        4,
        4,
        0,
        null,
        4,
        4,
        2,
        null,
        null,
        null,
        null,
        1,
        4,
        4,
        4,
        0,
        0,
        null,
        null,
        4,
        2,
        null,
        null,
        null,
        null,
        null,
        1,
        8,
        8,
        2,
        6,
        4,
        null,
        2,
        null,
        null,
        null,
        null,
        null,
        1,
        10,
        2,
        8,
        2,
        null,
        6,
        null,
        null,
        null,
        null,
        null,
        1,
        6,
        2,
        null,
        4,
        4,
        null,
        null,
        null,
        1,
        1,
        14,
        0,
        null,
        14,
        null,
        null,
        null,
        1,
        null,
        1,
        30,
        null,
        null,
        null,
        1,
        16,
        null,
        null
      ],
      "/Users/joseph/beer/beer/app/controllers/application_controller.rb": [
        1,
        null,
        1,
        null,
        1,
        null,
        null,
        1,
        null,
        1,
        null,
        1,
        1,
        6,
        null,
        null,
        1,
        0,
        0,
        0,
        null,
        0,
        0,
        0,
        null,
        0,
        0,
        null,
        null,
        null,
        1,
        0,
        0,
        0,
        null,
        0,
        null,
        null,
        null,
        0,
        0,
        0,
        null,
        null,
        null,
        0,
        0,
        0,
        null,
        null,
        null,
        null,
        1,
        1,
        0,
        0,
        null,
        null
      ],
      "/Users/joseph/beer/beer/app/controllers/breweries_controller.rb": [
        1,
        1,
        1,
        null,
        null,
        null,
        1,
        2,
        null,
        2,
        0,
        null,
        null,
        2,
        0,
        null,
        2,
        null,
        0,
        null,
        null,
        null,
        null,
        null,
        1,
        2,
        null,
        null,
        null,
        1,
        4,
        4,
        2,
        null,
        null,
        null,
        null,
        1,
        4,
        2,
        null,
        null,
        null,
        null,
        null,
        1,
        10,
        null,
        10,
        2,
        8,
        4,
        null,
        4,
        null,
        null,
        null,
        null,
        null,
        1,
        10,
        2,
        8,
        2,
        null,
        6,
        null,
        null,
        null,
        null,
        null,
        1,
        6,
        2,
        null,
        4,
        4,
        null,
        null,
        null,
        1,
        null,
        1,
        28,
        null,
        null,
        null,
        1,
        18,
        null,
        null
      ],
      "/Users/joseph/beer/beer/app/controllers/events_controller.rb": [
        1,
        1,
        1,
        1,
        null,
        null,
        null,
        1,
        null,
        6,
        0,
        null,
        null,
        6,
        null,
        null,
        null,
        6,
        0,
        null,
        null,
        6,
        0,
        6,
        0,
        null,
        6,
        null,
        null,
        null,
        null,
        null,
        1,
        null,
        null,
        null,
        1,
        2,
        null,
        null,
        null,
        1,
        4,
        2,
        null,
        null,
        null,
        null,
        null,
        1,
        8,
        8,
        4,
        null,
        4,
        null,
        null,
        null,
        null,
        null,
        1,
        10,
        2,
        8,
        2,
        null,
        6,
        null,
        null,
        null,
        null,
        null,
        1,
        4,
        0,
        null,
        4,
        4,
        null,
        null,
        null,
        1,
        null,
        1,
        26,
        null,
        null,
        null,
        1,
        16,
        null,
        null,
        null,
        1,
        6,
        0,
        null,
        6,
        null,
        null,
        null
      ],
      "/Users/joseph/beer/beer/app/controllers/news_controller.rb": [
        1,
        1,
        null,
        null,
        null,
        1,
        4,
        null,
        null,
        null,
        null,
        1,
        null,
        null,
        null,
        1,
        2,
        null,
        null,
        null,
        1,
        null,
        null,
        null,
        null,
        1,
        10,
        null,
        10,
        10,
        12,
        6,
        null,
        8,
        4,
        null,
        null,
        null,
        null,
        null,
        null,
        1,
        10,
        10,
        8,
        4,
        null,
        12,
        6,
        null,
        null,
        null,
        null,
        null,
        null,
        1,
        4,
        4,
        8,
        4,
        null,
        null,
        null,
        1,
        null,
        1,
        18,
        null,
        null,
        null,
        1,
        20,
        null,
        null
      ],
      "/Users/joseph/beer/beer/app/controllers/specials_controller.rb": [
        1,
        1,
        1,
        1,
        1,
        null,
        null,
        null,
        1,
        8,
        8,
        0,
        0,
        null,
        8,
        null,
        8,
        0,
        null,
        null,
        8,
        0,
        null,
        8,
        null,
        null,
        null,
        null,
        1,
        4,
        4,
        0,
        null,
        4,
        null,
        null,
        null,
        1,
        2,
        2,
        0,
        null,
        null,
        2,
        0,
        null,
        null,
        null,
        null,
        null,
        1,
        6,
        6,
        4,
        null,
        2,
        null,
        null,
        null,
        null,
        null,
        1,
        8,
        2,
        6,
        2,
        null,
        4,
        null,
        null,
        null,
        null,
        null,
        1,
        4,
        2,
        null,
        2,
        2,
        null,
        null,
        null,
        1,
        1,
        8,
        0,
        null,
        8,
        null,
        null,
        null,
        1,
        null,
        1,
        18,
        null,
        null,
        null,
        1,
        12,
        null,
        null,
        null,
        1,
        6,
        6,
        0,
        6,
        0,
        null,
        6,
        null,
        null,
        null
      ],
      "/Users/joseph/beer/beer/app/controllers/taps_controller.rb": [
        1,
        1,
        1,
        1,
        1,
        null,
        null,
        null,
        1,
        8,
        8,
        0,
        0,
        null,
        8,
        8,
        0,
        null,
        null,
        8,
        0,
        8,
        0,
        null,
        8,
        null,
        null,
        null,
        null,
        null,
        1,
        4,
        4,
        4,
        2,
        2,
        null,
        null,
        null,
        null,
        1,
        4,
        4,
        0,
        null,
        null,
        4,
        null,
        null,
        null,
        1,
        4,
        2,
        null,
        null,
        4,
        4,
        4,
        0,
        0,
        null,
        null,
        null,
        null,
        null,
        1,
        6,
        6,
        4,
        null,
        2,
        null,
        null,
        null,
        null,
        null,
        1,
        6,
        2,
        4,
        0,
        null,
        4,
        null,
        null,
        null,
        null,
        null,
        1,
        4,
        2,
        null,
        2,
        2,
        null,
        null,
        null,
        1,
        1,
        10,
        0,
        null,
        10,
        null,
        null,
        null,
        1,
        null,
        1,
        26,
        null,
        null,
        null,
        1,
        10,
        null,
        null,
        null,
        1,
        10,
        10,
        0,
        10,
        2,
        null,
        8,
        null,
        null,
        null
      ],
      "/Users/joseph/beer/beer/app/controllers/venues_controller.rb": [
        1,
        1,
        1,
        null,
        null,
        null,
        1,
        6,
        null,
        6,
        2,
        null,
        null,
        6,
        0,
        6,
        0,
        null,
        6,
        null,
        null,
        null,
        null,
        null,
        1,
        2,
        2,
        null,
        null,
        null,
        1,
        4,
        4,
        2,
        null,
        null,
        null,
        null,
        1,
        4,
        2,
        null,
        null,
        null,
        null,
        null,
        1,
        8,
        8,
        2,
        6,
        4,
        null,
        2,
        null,
        null,
        null,
        null,
        null,
        1,
        10,
        2,
        8,
        2,
        null,
        6,
        null,
        null,
        null,
        null,
        null,
        1,
        4,
        2,
        null,
        2,
        2,
        null,
        null,
        null,
        1,
        null,
        1,
        26,
        null,
        null,
        null,
        1,
        16,
        null,
        null
      ],
      "/Users/joseph/beer/beer/app/models/news.rb": [
        1,
        null
      ],
      "/Users/joseph/beer/beer/app/controllers/home_controller.rb": [
        1,
        1,
        46,
        null,
        null
      ],
      "/Users/joseph/beer/beer/app/policies/beer_policy.rb": [
        1,
        1,
        1,
        14,
        null,
        null,
        null,
        1,
        12,
        null,
        null,
        1,
        18,
        null,
        null,
        1,
        6,
        null,
        null
      ],
      "/Users/joseph/beer/beer/app/policies/tap_policy.rb": [
        1,
        1,
        1,
        10,
        null,
        null,
        null,
        1,
        16,
        null,
        null,
        1,
        4,
        null,
        null
      ],
      "/Users/joseph/beer/beer/app/policies/venue_policy.rb": [
        1,
        1,
        1,
        6,
        null,
        null,
        null,
        1,
        12,
        null,
        null,
        1,
        14,
        null,
        null,
        1,
        4,
        null,
        null
      ],
      "/Users/joseph/beer/beer/app/policies/special_policy.rb": [
        1,
        1,
        1,
        8,
        null,
        null,
        null,
        1,
        0,
        null,
        null,
        1,
        14,
        null,
        null,
        1,
        4,
        null,
        null
      ],
      "/Users/joseph/beer/beer/app/policies/event_policy.rb": [
        1,
        1,
        1,
        6,
        null,
        null,
        null,
        1,
        14,
        null,
        null,
        1,
        4,
        null,
        null
      ],
      "/Users/joseph/beer/beer/app/policies/brewery_policy.rb": [
        1,
        1,
        1,
        2,
        null,
        null,
        null,
        1,
        14,
        null,
        null,
        1,
        14,
        null,
        null,
        1,
        6,
        null,
        null
      ]
    },
    "timestamp": 1400759682
  }
}
